d:\desktop\onedrive\digipen\cs300\conghan.tay_cs300_5\conghan.tay_cs300_5\release\a4framework.ipdb
d:\desktop\onedrive\digipen\cs300\conghan.tay_cs300_5\conghan.tay_cs300_5\release\a4framework.iobj
d:\desktop\onedrive\digipen\cs300\conghan.tay_cs300_5\conghan.tay_cs300_5\release\vc141.pdb
d:\desktop\onedrive\digipen\cs300\conghan.tay_cs300_5\conghan.tay_cs300_5\release\object.obj
d:\desktop\onedrive\digipen\cs300\conghan.tay_cs300_5\conghan.tay_cs300_5\release\mesh.obj
d:\desktop\onedrive\digipen\cs300\conghan.tay_cs300_5\conghan.tay_cs300_5\release\math.obj
d:\desktop\onedrive\digipen\cs300\conghan.tay_cs300_5\conghan.tay_cs300_5\release\main.obj
d:\desktop\onedrive\digipen\cs300\conghan.tay_cs300_5\conghan.tay_cs300_5\release\input.obj
d:\desktop\onedrive\digipen\cs300\conghan.tay_cs300_5\conghan.tay_cs300_5\release\graphics.obj
d:\desktop\onedrive\digipen\cs300\conghan.tay_cs300_5\conghan.tay_cs300_5\release\camera.obj
d:\desktop\onedrive\digipen\cs300\conghan.tay_cs300_5\conghan.tay_cs300_5\release\gl3w.obj
d:\desktop\onedrive\digipen\cs300\conghan.tay_cs300_5\conghan.tay_cs300_5\release\a4framework.exe
d:\desktop\onedrive\digipen\cs300\conghan.tay_cs300_5\conghan.tay_cs300_5\release\a4framework.pdb
d:\desktop\onedrive\digipen\cs300\conghan.tay_cs300_5\conghan.tay_cs300_5\release\a4framework.tlog\a4framework.write.1u.tlog
d:\desktop\onedrive\digipen\cs300\conghan.tay_cs300_5\conghan.tay_cs300_5\release\a4framework.tlog\cl.command.1.tlog
d:\desktop\onedrive\digipen\cs300\conghan.tay_cs300_5\conghan.tay_cs300_5\release\a4framework.tlog\cl.read.1.tlog
d:\desktop\onedrive\digipen\cs300\conghan.tay_cs300_5\conghan.tay_cs300_5\release\a4framework.tlog\cl.write.1.tlog
d:\desktop\onedrive\digipen\cs300\conghan.tay_cs300_5\conghan.tay_cs300_5\release\a4framework.tlog\link.command.1.tlog
d:\desktop\onedrive\digipen\cs300\conghan.tay_cs300_5\conghan.tay_cs300_5\release\a4framework.tlog\link.read.1.tlog
d:\desktop\onedrive\digipen\cs300\conghan.tay_cs300_5\conghan.tay_cs300_5\release\a4framework.tlog\link.write.1.tlog
